16:11:25.630 281  [main] INFO  org.eclipse.jetty.server.Server - jetty-8.1.17.v20150415
16:11:25.662 313  [main] INFO  o.e.j.d.p.ScanningAppProvider - Deployment monitor C:\Users\sio2\Documents\GitHub\OverwatchBTS\rapla-source-1.8.4\dist\rapla-binary-1.8.4\contexts at interval 1
16:11:25.662 313  [main] INFO  o.e.jetty.deploy.DeploymentManager - Deployable added: C:\Users\sio2\Documents\GitHub\OverwatchBTS\rapla-source-1.8.4\dist\rapla-binary-1.8.4\contexts\rapla.xml
16:11:25.709 360  [main] INFO  o.e.j.webapp.WebInfConfiguration - Extract jar:file:/C:/Users/sio2/Documents/GitHub/OverwatchBTS/rapla-source-1.8.4/dist/rapla-binary-1.8.4/webapps/rapla.war!/ to C:\Users\sio2\AppData\Local\Temp\jetty-0.0.0.0-8051-rapla.war-_-any-\webapp
16:11:26.583 1234 [main] INFO  rapla - Init RaplaServlet
16:11:26.583 1234 [main] INFO  rapla - Passed JNDI Environment rapladatasource=raplafile env_rapladb=org.hsqldb.jdbc.JDBCDataSource@1184ab05 env_raplafile=C:\Users\sio2\Documents\GitHub\OverwatchBTS\rapla-source-1.8.4\dist\rapla-binary-1.8.4/data/data.xml
16:11:26.583 1234 [main] INFO  rapla - Logging via SLF4J API.
16:11:26.614 1265 [main] INFO  rapla - Configured Locale= fr_FR
16:11:26.661 1312 [main] INFO  rapla - Config=file:/C:/Users/sio2/AppData/Local/Temp/jetty-0.0.0.0-8051-rapla.war-_-any-/webapp/WEB-INF/raplaserver.xconf
16:11:26.661 1312 [main] INFO  rapla - Rapla.Version=1.8.4
16:11:26.661 1312 [main] INFO  rapla - Rapla.Build=2019-01-11 16:10
16:11:26.661 1312 [main] INFO  rapla - Timezone Europe/Paris
16:11:26.661 1312 [main] INFO  rapla - Java.Version=1.8.0_191
16:11:26.677 1328 [main] INFO  rapla.server.serverfacade - Using rapladatasource raplafile
16:11:26.708 1359 [main] INFO  rapla.raplafile - Connecting: file:/C:/Users/sio2/Documents/GitHub/OverwatchBTS/rapla-source-1.8.4/dist/rapla-binary-1.8.4/data/data.xml
16:11:26.739 1390 [main] WARN  rapla.raplafile - Data file not found file:/C:/Users/sio2/Documents/GitHub/OverwatchBTS/rapla-source-1.8.4/dist/rapla-binary-1.8.4/data/data.xml creating default system.
16:11:26.771 1422 [main] INFO  rapla.raplafile - Conflict initialization found 0 conflicts and took 0ms. 
16:11:26.771 1422 [main] INFO  rapla.server.plugin - Installed plugin org.rapla.plugin.weekview.server.WeekViewServerPlugin
16:11:26.771 1422 [main] INFO  rapla.server.plugin - Installed plugin org.rapla.plugin.urlencryption.server.UrlEncryptionServerPlugin
16:11:26.771 1422 [main] INFO  rapla.server.plugin - Installed plugin org.rapla.plugin.timeslot.server.TimeslotServerPlugin
16:11:26.786 1437 [main] INFO  rapla.server.plugin - Installed plugin org.rapla.plugin.tableview.internal.server.TableViewServerPlugin
16:11:26.786 1437 [main] INFO  rapla.server.plugin - Installed plugin org.rapla.plugin.notification.server.NotificationServerPlugin
16:11:26.786 1437 [main] INFO  rapla.server.plugin - Installed plugin org.rapla.plugin.monthview.server.MonthViewServerPlugin
16:11:26.786 1437 [main] INFO  rapla.server.plugin - Installed plugin org.rapla.plugin.mail.server.MailServerPlugin
16:11:26.786 1437 [main] INFO  rapla.server.plugin - Installed plugin org.rapla.plugin.jndi.server.JNDIServerPlugin
16:11:26.786 1437 [main] INFO  rapla.server.plugin - Installed plugin org.rapla.plugin.ical.server.ImportFromICalServerPlugin
16:11:26.786 1437 [main] INFO  rapla.server.plugin - Installed plugin org.rapla.plugin.export2ical.server.Export2iCalServerPlugin
16:11:26.786 1437 [main] INFO  rapla.server.plugin - Installed plugin org.rapla.plugin.eventtimecalculator.server.EventTimeCalculatorServerPlugin
16:11:26.786 1437 [main] INFO  rapla.server.plugin - Installed plugin org.rapla.plugin.dayresource.server.DayResourceViewServerPlugin
16:11:26.786 1437 [main] INFO  rapla.server.plugin - Installed plugin org.rapla.plugin.compactweekview.server.CompactWeekViewServerPlugin
16:11:26.786 1437 [main] INFO  rapla.server.plugin - Installed plugin org.rapla.plugin.autoexport.server.AutoExportServerPlugin
16:11:26.786 1437 [main] INFO  rapla.server.plugin - Installed plugin org.rapla.plugin.archiver.server.ArchiverServerPlugin
16:11:26.802 1453 [main] INFO  rapla.server - Generating new root key. This can take a while.
16:11:27.099 1750 [main] INFO  rapla.server - Root key generated
16:11:27.333 1984 [main] INFO  rapla - Rapla server started
16:11:27.333 1984 [main] INFO  o.e.jetty.webapp.WebAppContext - WebApp@392918519 at http://0.0.0.0:8051/
16:11:27.364 2015 [main] INFO  o.e.jetty.server.AbstractConnector - Started SelectChannelConnector@0.0.0.0:8051
16:11:43.799 18450 [qtp863831416-25] WARN  rapla.raplafile - Login failed for admin
16:12:13.627 48278 [qtp863831416-26] WARN  rapla.raplafile - Login failed for admin
16:14:17.916 293  [main] INFO  org.eclipse.jetty.server.Server - jetty-8.1.17.v20150415
16:14:17.950 327  [main] INFO  o.e.j.d.p.ScanningAppProvider - Deployment monitor C:\Users\sio2\Documents\GitHub\OverwatchBTS\rapla-source-1.8.4\dist\rapla-binary-1.8.4\contexts at interval 1
16:14:17.956 333  [main] INFO  o.e.jetty.deploy.DeploymentManager - Deployable added: C:\Users\sio2\Documents\GitHub\OverwatchBTS\rapla-source-1.8.4\dist\rapla-binary-1.8.4\contexts\rapla.xml
16:14:18.002 379  [main] INFO  o.e.j.webapp.WebInfConfiguration - Extract jar:file:/C:/Users/sio2/Documents/GitHub/OverwatchBTS/rapla-source-1.8.4/dist/rapla-binary-1.8.4/webapps/rapla.war!/ to C:\Users\sio2\AppData\Local\Temp\jetty-0.0.0.0-8051-rapla.war-_-any-\webapp
16:14:18.815 1192 [main] INFO  rapla - Init RaplaServlet
16:14:18.815 1192 [main] INFO  rapla - Passed JNDI Environment rapladatasource=raplafile env_rapladb=org.hsqldb.jdbc.JDBCDataSource@1184ab05 env_raplafile=C:\Users\sio2\Documents\GitHub\OverwatchBTS\rapla-source-1.8.4\dist\rapla-binary-1.8.4/data/data.xml
16:14:18.831 1208 [main] INFO  rapla - Logging via SLF4J API.
16:14:18.846 1223 [main] INFO  rapla - Configured Locale= fr_FR
16:14:18.893 1270 [main] INFO  rapla - Config=file:/C:/Users/sio2/AppData/Local/Temp/jetty-0.0.0.0-8051-rapla.war-_-any-/webapp/WEB-INF/raplaserver.xconf
16:14:18.909 1286 [main] INFO  rapla - Rapla.Version=1.8.4
16:14:18.909 1286 [main] INFO  rapla - Rapla.Build=2019-01-11 16:10
16:14:18.909 1286 [main] INFO  rapla - Timezone Europe/Paris
16:14:18.909 1286 [main] INFO  rapla - Java.Version=1.8.0_191
16:14:18.924 1301 [main] INFO  rapla.server.serverfacade - Using rapladatasource raplafile
16:14:18.956 1333 [main] INFO  rapla.raplafile - Connecting: file:/C:/Users/sio2/Documents/GitHub/OverwatchBTS/rapla-source-1.8.4/dist/rapla-binary-1.8.4/data/data.xml
16:14:19.018 1395 [main] INFO  rapla.raplafile - Conflict initialization found 0 conflicts and took 0ms. 
16:14:19.018 1395 [main] INFO  rapla.server.plugin - Installed plugin org.rapla.plugin.weekview.server.WeekViewServerPlugin
16:14:19.018 1395 [main] INFO  rapla.server.plugin - Installed plugin org.rapla.plugin.urlencryption.server.UrlEncryptionServerPlugin
16:14:19.018 1395 [main] INFO  rapla.server.plugin - Installed plugin org.rapla.plugin.timeslot.server.TimeslotServerPlugin
16:14:19.018 1395 [main] INFO  rapla.server.plugin - Installed plugin org.rapla.plugin.tableview.internal.server.TableViewServerPlugin
16:14:19.034 1411 [main] INFO  rapla.server.plugin - Installed plugin org.rapla.plugin.notification.server.NotificationServerPlugin
16:14:19.034 1411 [main] INFO  rapla.server.plugin - Installed plugin org.rapla.plugin.monthview.server.MonthViewServerPlugin
16:14:19.034 1411 [main] INFO  rapla.server.plugin - Installed plugin org.rapla.plugin.mail.server.MailServerPlugin
16:14:19.034 1411 [main] INFO  rapla.server.plugin - Installed plugin org.rapla.plugin.jndi.server.JNDIServerPlugin
16:14:19.034 1411 [main] INFO  rapla.server.plugin - Installed plugin org.rapla.plugin.ical.server.ImportFromICalServerPlugin
16:14:19.034 1411 [main] INFO  rapla.server.plugin - Installed plugin org.rapla.plugin.export2ical.server.Export2iCalServerPlugin
16:14:19.034 1411 [main] INFO  rapla.server.plugin - Installed plugin org.rapla.plugin.eventtimecalculator.server.EventTimeCalculatorServerPlugin
16:14:19.034 1411 [main] INFO  rapla.server.plugin - Installed plugin org.rapla.plugin.dayresource.server.DayResourceViewServerPlugin
16:14:19.034 1411 [main] INFO  rapla.server.plugin - Installed plugin org.rapla.plugin.compactweekview.server.CompactWeekViewServerPlugin
16:14:19.034 1411 [main] INFO  rapla.server.plugin - Installed plugin org.rapla.plugin.autoexport.server.AutoExportServerPlugin
16:14:19.034 1411 [main] INFO  rapla.server.plugin - Installed plugin org.rapla.plugin.archiver.server.ArchiverServerPlugin
16:14:19.284 1661 [main] INFO  rapla - Rapla server started
16:14:19.284 1661 [main] INFO  o.e.jetty.webapp.WebAppContext - WebApp@376635015 at http://0.0.0.0:8051/
16:14:19.299 1676 [main] INFO  o.e.jetty.server.AbstractConnector - Started SelectChannelConnector@0.0.0.0:8051
16:14:26.810 9187 [qtp863831416-28] INFO  rapla.server.anonymous.login - Successfull login for 'admin'
16:14:43.642 26019 [qtp863831416-25] WARN  rapla.raplafile - Login failed for admin
16:15:13.614 55991 [qtp863831416-29] WARN  rapla.raplafile - Login failed for admin
16:15:43.622 85999 [qtp863831416-29] WARN  rapla.raplafile - Login failed for admin
16:16:13.663 116040 [qtp863831416-29] WARN  rapla.raplafile - Login failed for admin
16:16:43.675 146052 [qtp863831416-27] WARN  rapla.raplafile - Login failed for admin
16:17:13.690 176067 [qtp863831416-25] WARN  rapla.raplafile - Login failed for admin
16:17:43.698 206075 [qtp863831416-25] WARN  rapla.raplafile - Login failed for admin
16:18:13.688 236065 [qtp863831416-25] WARN  rapla.raplafile - Login failed for admin
16:18:43.702 266079 [qtp863831416-25] WARN  rapla.raplafile - Login failed for admin
16:19:13.716 296093 [qtp863831416-25] WARN  rapla.raplafile - Login failed for admin
16:19:43.711 326088 [qtp863831416-30] WARN  rapla.raplafile - Login failed for admin
16:20:13.721 356098 [qtp863831416-30] WARN  rapla.raplafile - Login failed for admin
16:20:43.727 386104 [qtp863831416-31] WARN  rapla.raplafile - Login failed for admin
16:21:13.741 416118 [qtp863831416-31] WARN  rapla.raplafile - Login failed for admin
16:21:43.731 446108 [qtp863831416-32] WARN  rapla.raplafile - Login failed for admin
16:22:13.735 476112 [qtp863831416-32] WARN  rapla.raplafile - Login failed for admin
16:22:43.712 506089 [qtp863831416-33] WARN  rapla.raplafile - Login failed for admin
16:23:13.741 536118 [qtp863831416-33] WARN  rapla.raplafile - Login failed for admin
16:23:43.782 566159 [qtp863831416-34] WARN  rapla.raplafile - Login failed for admin
16:24:13.753 596130 [qtp863831416-34] WARN  rapla.raplafile - Login failed for admin
16:24:43.772 626149 [qtp863831416-35] WARN  rapla.raplafile - Login failed for admin
16:25:13.785 656162 [qtp863831416-35] WARN  rapla.raplafile - Login failed for admin
16:25:43.798 686175 [qtp863831416-36] WARN  rapla.raplafile - Login failed for admin
16:26:13.817 716194 [qtp863831416-36] WARN  rapla.raplafile - Login failed for admin
16:26:43.818 746195 [qtp863831416-38] WARN  rapla.raplafile - Login failed for admin
16:27:13.838 776215 [qtp863831416-38] WARN  rapla.raplafile - Login failed for admin
16:27:43.868 806245 [qtp863831416-39] WARN  rapla.raplafile - Login failed for admin
16:28:13.867 836244 [qtp863831416-39] WARN  rapla.raplafile - Login failed for admin
16:28:43.886 866263 [qtp863831416-37] WARN  rapla.raplafile - Login failed for admin
16:29:13.904 896281 [qtp863831416-37] WARN  rapla.raplafile - Login failed for admin
16:29:43.886 926263 [qtp863831416-41] WARN  rapla.raplafile - Login failed for admin
16:30:13.890 956267 [qtp863831416-42] WARN  rapla.raplafile - Login failed for admin
